<?xml version="1.0" encoding="UTF-8" ?>
<testsuite errors="0" failures="0" hostname="deepthought" name="org.inf.personneldatabase.reports.NepaliDateTest" tests="2" time="0.094" timestamp="2013-07-02T07:03:01">
  <properties>
    <property name="java.vendor" value="Oracle Corporation" />
    <property name="sun.java.launcher" value="SUN_STANDARD" />
    <property name="sun.management.compiler" value="HotSpot 64-Bit Tiered Compilers" />
    <property name="os.name" value="Linux" />
    <property name="sun.boot.class.path" value="/usr/lib/jvm/java-7-openjdk-amd64/jre/lib/resources.jar:/usr/lib/jvm/java-7-openjdk-amd64/jre/lib/rt.jar:/usr/lib/jvm/java-7-openjdk-amd64/jre/lib/sunrsasign.jar:/usr/lib/jvm/java-7-openjdk-amd64/jre/lib/jsse.jar:/usr/lib/jvm/java-7-openjdk-amd64/jre/lib/jce.jar:/usr/lib/jvm/java-7-openjdk-amd64/jre/lib/charsets.jar:/usr/lib/jvm/java-7-openjdk-amd64/jre/lib/netx.jar:/usr/lib/jvm/java-7-openjdk-amd64/jre/lib/plugin.jar:/usr/lib/jvm/java-7-openjdk-amd64/jre/lib/rhino.jar:/usr/lib/jvm/java-7-openjdk-amd64/jre/lib/jfr.jar:/usr/lib/jvm/java-7-openjdk-amd64/jre/classes" />
    <property name="TODAY" value="July 2 2013" />
    <property name="sun.desktop" value="gnome" />
    <property name="java.vm.specification.vendor" value="Oracle Corporation" />
    <property name="ant.home" value="/home/artur/Programme/eclipse-java/plugins/org.apache.ant_1.8.3.v201301120609" />
    <property name="java.runtime.version" value="1.7.0_21-b02" />
    <property name="test.build.dir" value="/home/artur/java_projects/nepaliCalendarJava/testbuild" />
    <property name="user.name" value="artur" />
    <property name="build.dir" value="/home/artur/java_projects/nepaliCalendarJava/build" />
    <property name="user.language" value="de" />
    <property name="test.report.dir" value="/home/artur/java_projects/nepaliCalendarJava/testreport" />
    <property name="sun.boot.library.path" value="/usr/lib/jvm/java-7-openjdk-amd64/jre/lib/amd64" />
    <property name="ant.file.type.Ant-Test" value="file" />
    <property name="ant.project.default-target" value="main" />
    <property name="NOW" value="20130702_1247" />
    <property name="ant.project.name" value="Ant-Test" />
    <property name="DSTAMP" value="20130702" />
    <property name="java.version" value="1.7.0_21" />
    <property name="user.timezone" value="" />
    <property name="sun.arch.data.model" value="64" />
    <property name="java.endorsed.dirs" value="/usr/lib/jvm/java-7-openjdk-amd64/jre/lib/endorsed" />
    <property name="sun.cpu.isalist" value="" />
    <property name="sun.jnu.encoding" value="UTF-8" />
    <property name="file.encoding.pkg" value="sun.io" />
    <property name="file.separator" value="/" />
    <property name="java.specification.name" value="Java Platform API Specification" />
    <property name="java.class.version" value="51.0" />
    <property name="user.country" value="DE" />
    <property name="java.home" value="/usr/lib/jvm/java-7-openjdk-amd64/jre" />
    <property name="java.vm.info" value="mixed mode" />
    <property name="ant.file" value="/home/artur/java_projects/nepaliCalendarJava/build.xml" />
    <property name="os.version" value="3.9.8-030908-generic" />
    <property name="path.separator" value=":" />
    <property name="java.vm.version" value="23.7-b01" />
    <property name="ant.library.dir" value="/home/artur/Programme/eclipse-java/plugins/org.apache.ant_1.8.3.v201301120609/lib" />
    <property name="java.awt.printerjob" value="sun.print.PSPrinterJob" />
    <property name="sun.io.unicode.encoding" value="UnicodeLittle" />
    <property name="awt.toolkit" value="sun.awt.X11.XToolkit" />
    <property name="user.home" value="/home/artur" />
    <property name="java.specification.vendor" value="Oracle Corporation" />
    <property name="test.dir" value="/home/artur/java_projects/nepaliCalendarJava/test" />
    <property name="java.library.path" value="/usr/lib/jvm/java-7-openjdk-amd64/jre/lib/amd64/server:/usr/lib/jvm/java-7-openjdk-amd64/jre/lib/amd64:/usr/lib/jvm/java-7-openjdk-amd64/jre/../lib/amd64:/usr/lib/jvm/java-6-openjdk-amd64/jre/lib/amd64/server:/usr/lib/jvm/java-6-openjdk-amd64/jre/lib/amd64:/usr/lib/jvm/java-6-openjdk-amd64/jre/../lib/amd64:/usr/java/packages/lib/amd64:/usr/lib/jni:/lib:/usr/lib" />
    <property name="java.vendor.url" value="http://java.oracle.com/" />
    <property name="ant.file.Ant-Test" value="/home/artur/java_projects/nepaliCalendarJava/build.xml" />
    <property name="java.vm.vendor" value="Oracle Corporation" />
    <property name="java.runtime.name" value="OpenJDK Runtime Environment" />
    <property name="sun.java.command" value="org.apache.tools.ant.taskdefs.optional.junit.JUnitTestRunner org.inf.personneldatabase.reports.NepaliDateTest filtertrace=true haltOnError=false haltOnFailure=true formatter=org.apache.tools.ant.taskdefs.optional.junit.SummaryJUnitResultFormatter showoutput=false outputtoformatters=true logfailedtests=true logtestlistenerevents=false formatter=org.apache.tools.ant.taskdefs.optional.junit.XMLJUnitResultFormatter,/home/artur/java_projects/nepaliCalendarJava/testreport/TEST-org.inf.personneldatabase.reports.NepaliDateTest.xml crashfile=/home/artur/java_projects/nepaliCalendarJava/junitvmwatcher8302932596920488436.properties propsfile=/home/artur/java_projects/nepaliCalendarJava/junit226819302668393980.properties" />
    <property name="java.class.path" value="/home/artur/java_projects/nepaliCalendarJava/build:/home/artur/java_projects/nepaliCalendarJava/testbuild:/usr/share/maven-repo/junit/junit/4.x/junit-4.x.jar:/home/artur/Programme/eclipse-java/plugins/org.apache.ant_1.8.3.v201301120609/lib/ant-launcher.jar:/home/artur/Programme/eclipse-java/plugins/org.apache.ant_1.8.3.v201301120609/lib/ant.jar:/home/artur/Programme/eclipse-java/plugins/org.apache.ant_1.8.3.v201301120609/lib/ant-junit.jar:/home/artur/Programme/eclipse-java/plugins/org.apache.ant_1.8.3.v201301120609/lib/ant-junit4.jar" />
    <property name="ant.version" value="Apache Ant(TM) version 1.8.3 compiled on February 26 2012" />
    <property name="TSTAMP" value="1247" />
    <property name="java.vm.specification.name" value="Java Virtual Machine Specification" />
    <property name="java.vm.specification.version" value="1.7" />
    <property name="sun.cpu.endian" value="little" />
    <property name="sun.os.patch.level" value="unknown" />
    <property name="java.io.tmpdir" value="/tmp" />
    <property name="java.vendor.url.bug" value="http://bugreport.sun.com/bugreport/" />
    <property name="os.arch" value="amd64" />
    <property name="java.awt.graphicsenv" value="sun.awt.X11GraphicsEnvironment" />
    <property name="java.ext.dirs" value="/usr/lib/jvm/java-7-openjdk-amd64/jre/lib/ext:/usr/java/packages/lib/ext" />
    <property name="user.dir" value="/home/artur/java_projects/nepaliCalendarJava" />
    <property name="line.separator" value="&#xa;" />
    <property name="java.vm.name" value="OpenJDK 64-Bit Server VM" />
    <property name="basedir" value="/home/artur/java_projects/nepaliCalendarJava" />
    <property name="ant.java.version" value="1.7" />
    <property name="ant.core.lib" value="/home/artur/Programme/eclipse-java/plugins/org.apache.ant_1.8.3.v201301120609/lib/ant.jar" />
    <property name="file.encoding" value="UTF-8" />
    <property name="java.specification.version" value="1.7" />
    <property name="src.dir" value="/home/artur/java_projects/nepaliCalendarJava/src" />
    <property name="ant.project.invoked-targets" value="main" />
  </properties>
  <testcase classname="org.inf.personneldatabase.reports.NepaliDateTest" name="testToStringString" time="0.012" />
  <testcase classname="org.inf.personneldatabase.reports.NepaliDateTest" name="testNepaliDate" time="0.002" />
  <system-out><![CDATA[{java.runtime.name=OpenJDK Runtime Environment, sun.boot.library.path=/usr/lib/jvm/java-7-openjdk-amd64/jre/lib/amd64, java.vm.version=23.7-b01, java.vm.vendor=Oracle Corporation, java.vendor.url=http://java.oracle.com/, path.separator=:, java.vm.name=OpenJDK 64-Bit Server VM, file.encoding.pkg=sun.io, user.country=DE, sun.java.launcher=SUN_STANDARD, sun.os.patch.level=unknown, java.vm.specification.name=Java Virtual Machine Specification, user.dir=/home/artur/java_projects/nepaliCalendarJava, java.runtime.version=1.7.0_21-b02, java.awt.graphicsenv=sun.awt.X11GraphicsEnvironment, java.endorsed.dirs=/usr/lib/jvm/java-7-openjdk-amd64/jre/lib/endorsed, os.arch=amd64, java.io.tmpdir=/tmp, line.separator=
, java.vm.specification.vendor=Oracle Corporation, os.name=Linux, sun.jnu.encoding=UTF-8, java.library.path=/usr/lib/jvm/java-7-openjdk-amd64/jre/lib/amd64/server:/usr/lib/jvm/java-7-openjdk-amd64/jre/lib/amd64:/usr/lib/jvm/java-7-openjdk-amd64/jre/../lib/amd64:/usr/lib/jvm/java-6-openjdk-amd64/jre/lib/amd64/server:/usr/lib/jvm/java-6-openjdk-amd64/jre/lib/amd64:/usr/lib/jvm/java-6-openjdk-amd64/jre/../lib/amd64:/usr/java/packages/lib/amd64:/usr/lib/jni:/lib:/usr/lib, java.specification.name=Java Platform API Specification, java.class.version=51.0, sun.management.compiler=HotSpot 64-Bit Tiered Compilers, os.version=3.9.8-030908-generic, user.home=/home/artur, user.timezone=Asia/Kathmandu, java.awt.printerjob=sun.print.PSPrinterJob, file.encoding=UTF-8, java.specification.version=1.7, java.class.path=/home/artur/java_projects/nepaliCalendarJava/build:/home/artur/java_projects/nepaliCalendarJava/testbuild:/usr/share/maven-repo/junit/junit/4.x/junit-4.x.jar:/home/artur/Programme/eclipse-java/plugins/org.apache.ant_1.8.3.v201301120609/lib/ant-launcher.jar:/home/artur/Programme/eclipse-java/plugins/org.apache.ant_1.8.3.v201301120609/lib/ant.jar:/home/artur/Programme/eclipse-java/plugins/org.apache.ant_1.8.3.v201301120609/lib/ant-junit.jar:/home/artur/Programme/eclipse-java/plugins/org.apache.ant_1.8.3.v201301120609/lib/ant-junit4.jar, user.name=artur, java.vm.specification.version=1.7, sun.java.command=org.apache.tools.ant.taskdefs.optional.junit.JUnitTestRunner org.inf.personneldatabase.reports.NepaliDateTest filtertrace=true haltOnError=false haltOnFailure=true formatter=org.apache.tools.ant.taskdefs.optional.junit.SummaryJUnitResultFormatter showoutput=false outputtoformatters=true logfailedtests=true logtestlistenerevents=false formatter=org.apache.tools.ant.taskdefs.optional.junit.XMLJUnitResultFormatter,/home/artur/java_projects/nepaliCalendarJava/testreport/TEST-org.inf.personneldatabase.reports.NepaliDateTest.xml crashfile=/home/artur/java_projects/nepaliCalendarJava/junitvmwatcher8302932596920488436.properties propsfile=/home/artur/java_projects/nepaliCalendarJava/junit226819302668393980.properties, java.home=/usr/lib/jvm/java-7-openjdk-amd64/jre, sun.arch.data.model=64, user.language=de, java.specification.vendor=Oracle Corporation, awt.toolkit=sun.awt.X11.XToolkit, java.vm.info=mixed mode, java.version=1.7.0_21, java.ext.dirs=/usr/lib/jvm/java-7-openjdk-amd64/jre/lib/ext:/usr/java/packages/lib/ext, sun.boot.class.path=/usr/lib/jvm/java-7-openjdk-amd64/jre/lib/resources.jar:/usr/lib/jvm/java-7-openjdk-amd64/jre/lib/rt.jar:/usr/lib/jvm/java-7-openjdk-amd64/jre/lib/sunrsasign.jar:/usr/lib/jvm/java-7-openjdk-amd64/jre/lib/jsse.jar:/usr/lib/jvm/java-7-openjdk-amd64/jre/lib/jce.jar:/usr/lib/jvm/java-7-openjdk-amd64/jre/lib/charsets.jar:/usr/lib/jvm/java-7-openjdk-amd64/jre/lib/netx.jar:/usr/lib/jvm/java-7-openjdk-amd64/jre/lib/plugin.jar:/usr/lib/jvm/java-7-openjdk-amd64/jre/lib/rhino.jar:/usr/lib/jvm/java-7-openjdk-amd64/jre/lib/jfr.jar:/usr/lib/jvm/java-7-openjdk-amd64/jre/classes, java.vendor=Oracle Corporation, file.separator=/, java.vendor.url.bug=http://bugreport.sun.com/bugreport/, sun.io.unicode.encoding=UnicodeLittle, sun.cpu.endian=little, sun.desktop=gnome, sun.cpu.isalist=}
]]></system-out>
  <system-err><![CDATA[]]></system-err>
</testsuite>
